{"message":"Folder with id:6 doesn't exist","level":"error"}
{"message":"Folder with id 6 created","level":"info"}
{"message":"Folder with id 7 created","level":"info"}
{"message":"Folder with id 8 created","level":"info"}
{"message":"Folder with id 8 deleted.","level":"info"}
{"message":"Note with id 4 deleted","level":"info"}
{"message":"Folder with id:8 doesn't exist","level":"info"}
{"message":"Note with id 2 deleted","level":"info"}
{"message":"Note with id 6 created","level":"info"}
{"message":"Note with id 7 created","level":"info"}
{"message":"Note with id 8 created","level":"info"}
{"message":"Note with id 7 deleted","level":"info"}
{"message":"Note with id 8 deleted","level":"info"}
{"message":"Note with id 6 deleted","level":"info"}
{"message":"Note with id 9 created","level":"info"}
{"message":"Note with id 9 deleted","level":"info"}
{"message":"Note with id 10 created","level":"info"}
{"message":"Note with id 10 deleted","level":"info"}
{"message":"Note with id 11 created","level":"info"}
{"message":"Note with id 11 deleted","level":"info"}
{"message":"Note with id 12 created","level":"info"}
{"message":"Note with id 12 deleted","level":"info"}
{"message":"Note with id 13 created","level":"info"}
{"message":"Note with id 13 deleted","level":"info"}
{"message":"Note with id 14 created","level":"info"}
{"message":"Note with id 14 deleted","level":"info"}
{"message":"Note with id 15 created","level":"info"}
{"message":"Note with id 15 deleted","level":"info"}
{"message":"Note with id 16 created","level":"info"}
{"message":"Note with id 16 deleted","level":"info"}
{"message":"Note with id 17 created","level":"info"}
{"message":"Note with id 17 deleted","level":"info"}
{"message":"Note with id 18 created","level":"info"}
{"message":"Unauthorized request to path: /folders","level":"error"}
{"message":"Unauthorized request to path: /","level":"error"}
{"message":"Unauthorized request to path: /","level":"error"}
{"message":"Unauthorized request to path: /folders","level":"error"}
{"message":"Unauthorized request to path: /notes","level":"error"}
{"message":"Unauthorized request to path: /folders","level":"error"}
{"message":"Unauthorized request to path: /notes","level":"error"}
{"message":"Unauthorized request to path: /folders","level":"error"}
{"message":"Unauthorized request to path: /notes","level":"error"}
{"message":"Unauthorized request to path: /folders","level":"error"}
{"message":"Unauthorized request to path: /notes","level":"error"}
{"message":"Unauthorized request to path: /folders","level":"error"}
{"message":"Unauthorized request to path: /notes","level":"error"}
{"message":"Unauthorized request to path: /folders","level":"error"}
{"message":"Unauthorized request to path: /notes","level":"error"}
{"message":"Unauthorized request to path: /folders","level":"error"}
{"message":"Unauthorized request to path: /notes","level":"error"}
{"message":"Folder with id 7 deleted.","level":"info"}
{"message":"Folder with id 6 deleted.","level":"info"}
{"message":"Folder with id 5 deleted.","level":"info"}
{"message":"Note with id 19 created","level":"info"}
{"message":"Note with id 19 deleted","level":"info"}
{"message":"Note with id 3 deleted","level":"info"}
{"message":"Note with id 5 deleted","level":"info"}
{"message":"Note with id 20 created","level":"info"}
{"message":"Note with id 21 created","level":"info"}
{"message":"Note with id 18 deleted","level":"info"}
{"message":"Note with id 21 deleted","level":"info"}
{"message":"Note with id 22 created","level":"info"}
{"message":"Note with id 23 created","level":"info"}
{"message":"Note with id 20 deleted","level":"info"}
{"message":"Note with id 23 deleted","level":"info"}
{"message":"Note with id 24 created","level":"info"}
{"message":"Note with id 25 created","level":"info"}
{"message":"Note with id 1 deleted","level":"info"}
{"message":"Note with id 26 created","level":"info"}
{"message":"Note with id 27 created","level":"info"}
{"message":"Note with id 26 deleted","level":"info"}
{"message":"Note with id 22 deleted","level":"info"}
{"message":"Note with id 28 created","level":"info"}
{"message":"Note with id 28 deleted","level":"info"}
{"message":"Note with id 29 created","level":"info"}
{"message":"Note with id 29 deleted","level":"info"}
{"message":"Note with id 30 created","level":"info"}
{"message":"Note with id 30 deleted","level":"info"}
{"message":"Note with id 31 created","level":"info"}
{"message":"Note with id 24 deleted","level":"info"}
{"message":"Note with id 25 deleted","level":"info"}
{"message":"Note with id 32 created","level":"info"}
{"message":"Note with id 33 created","level":"info"}
{"message":"Note with id 27 deleted","level":"info"}
{"message":"Note with id 34 created","level":"info"}
{"message":"Note with id 33 deleted","level":"info"}
{"message":"Note with id 35 created","level":"info"}
{"message":"Note with id 34 deleted","level":"info"}
{"message":"Note with id 32 deleted","level":"info"}
{"message":"Note with id 36 created","level":"info"}
{"message":"Note with id 36 deleted","level":"info"}
{"message":"Note with id 35 deleted","level":"info"}
{"message":"Note with id 31 deleted","level":"info"}
{"message":"Folder with id 2 deleted.","level":"info"}
{"message":"Folder with id 1 deleted.","level":"info"}
{"message":"Folder with id 3 deleted.","level":"info"}
{"message":"Folder with id 4 deleted.","level":"info"}
{"message":"Title is required","level":"error"}
{"message":"Title is required","level":"error"}
{"message":"Title is required","level":"error"}
{"message":"Title is required","level":"error"}
{"message":"Title is required","level":"error"}
{"message":"Title is required","level":"error"}
{"message":"Title is required","level":"error"}
{"message":"Title is required","level":"error"}
{"message":"Title is required","level":"error"}
{"message":"Title is required","level":"error"}
{"message":"Title is required","level":"error"}
{"message":"Title is required","level":"error"}
{"message":"Title is required","level":"error"}
{"message":"Title is required","level":"error"}
{"message":"Title is required","level":"error"}
{"message":"Title is required","level":"error"}
{"message":"Title is required","level":"error"}
{"message":"Title is required","level":"error"}
{"message":"Title is required","level":"error"}
{"message":"Title is required","level":"error"}
{"message":"Title is required","level":"error"}
{"message":"Title is required","level":"error"}
{"message":"Title is required","level":"error"}
{"message":"Title is required","level":"error"}
{"message":"Title is required","level":"error"}
{"message":"Title is required","level":"error"}
{"message":"Title is required","level":"error"}
{"message":"Title is required","level":"error"}
{"message":"Title is required","level":"error"}
{"message":"Title is required","level":"error"}
{"message":"Title is required","level":"error"}
{"message":"Title is required","level":"error"}
{"message":"Title is required","level":"error"}
{"message":"Note with id 5 created","level":"info"}
{"message":"Note with id 5 deleted","level":"info"}
{"message":"Title is required","level":"error"}
{"message":"Title is required","level":"error"}
{"message":"Title is required","level":"error"}
{"message":"Title is required","level":"error"}
{"message":"Title is required","level":"error"}
{"message":"Title is required","level":"error"}
{"message":"Title is required","level":"error"}
{"message":"Title is required","level":"error"}
{"message":"Title is required","level":"error"}
{"message":"Title is required","level":"error"}
{"message":"Title is required","level":"error"}
{"message":"Title is required","level":"error"}
{"message":"Title is required","level":"error"}
{"message":"Title is required","level":"error"}
{"message":"Title is required","level":"error"}
{"message":"Title is required","level":"error"}
{"message":"Unauthorized request to path: /notes","level":"error"}
{"message":"Unauthorized request to path: /","level":"error"}
{"message":"Unauthorized request to path: /","level":"error"}
{"message":"Unauthorized request to path: /folders","level":"error"}
{"message":"Unauthorized request to path: /folders","level":"error"}
{"message":"Unauthorized request to path: /folders","level":"error"}
{"message":"Unauthorized request to path: /folders","level":"error"}
{"message":"Unauthorized request to path: /folders","level":"error"}
{"message":"Unauthorized request to path: /folders","level":"error"}
{"message":"Unauthorized request to path: /folders","level":"error"}
{"message":"Unauthorized request to path: /notes","level":"error"}
